  [1m[35m (87.8ms)[0m  [1m[35mCREATE TABLE "schema_migrations" ("version" varchar NOT NULL PRIMARY KEY)[0m
  [1m[35m (115.9ms)[0m  [1m[35mCREATE TABLE "ar_internal_metadata" ("key" varchar NOT NULL PRIMARY KEY, "value" varchar, "created_at" datetime(6) NOT NULL, "updated_at" datetime(6) NOT NULL)[0m
  [1m[36mActiveRecord::SchemaMigration Pluck (0.2ms)[0m  [1m[34mSELECT "schema_migrations"."version" FROM "schema_migrations" ORDER BY "schema_migrations"."version" ASC[0m
Migrating to CreateUsers (20230401162546)
  [1m[36mTRANSACTION (0.1ms)[0m  [1m[36mbegin transaction[0m
  [1m[35m (0.4ms)[0m  [1m[35mCREATE TABLE "users" ("id" integer PRIMARY KEY AUTOINCREMENT NOT NULL, "name" varchar, "email" varchar, "created_at" datetime(6) NOT NULL, "updated_at" datetime(6) NOT NULL)[0m
  [1m[36mActiveRecord::SchemaMigration Create (0.2ms)[0m  [1m[32mINSERT INTO "schema_migrations" ("version") VALUES (?)[0m  [["version", "20230401162546"]]
  [1m[36mTRANSACTION (101.3ms)[0m  [1m[36mcommit transaction[0m
Migrating to CreateEvents (20230401163616)
  [1m[36mTRANSACTION (0.1ms)[0m  [1m[36mbegin transaction[0m
  [1m[35m (0.6ms)[0m  [1m[35mCREATE TABLE "events" ("id" integer PRIMARY KEY AUTOINCREMENT NOT NULL, "name" varchar, "date" datetime(6), "created_at" datetime(6) NOT NULL, "updated_at" datetime(6) NOT NULL)[0m
  [1m[36mActiveRecord::SchemaMigration Create (0.2ms)[0m  [1m[32mINSERT INTO "schema_migrations" ("version") VALUES (?)[0m  [["version", "20230401163616"]]
  [1m[36mTRANSACTION (228.7ms)[0m  [1m[36mcommit transaction[0m
Migrating to CreatePrizes (20230401163713)
  [1m[36mTRANSACTION (0.1ms)[0m  [1m[36mbegin transaction[0m
  [1m[35m (0.3ms)[0m  [1m[35mCREATE TABLE "prizes" ("id" integer PRIMARY KEY AUTOINCREMENT NOT NULL, "name" varchar, "event_id" integer NOT NULL, "created_at" datetime(6) NOT NULL, "updated_at" datetime(6) NOT NULL, CONSTRAINT "fk_rails_02a12624c0"
FOREIGN KEY ("event_id")
  REFERENCES "events" ("id")
)[0m
  [1m[35m (0.2ms)[0m  [1m[35mCREATE INDEX "index_prizes_on_event_id" ON "prizes" ("event_id")[0m
  [1m[36mActiveRecord::SchemaMigration Create (0.2ms)[0m  [1m[32mINSERT INTO "schema_migrations" ("version") VALUES (?)[0m  [["version", "20230401163713"]]
  [1m[36mTRANSACTION (235.7ms)[0m  [1m[36mcommit transaction[0m
Migrating to CreateWinners (20230401163808)
  [1m[36mTRANSACTION (0.1ms)[0m  [1m[36mbegin transaction[0m
  [1m[35m (0.3ms)[0m  [1m[35mCREATE TABLE "winners" ("id" integer PRIMARY KEY AUTOINCREMENT NOT NULL, "user_id" integer NOT NULL, "prize_id" integer NOT NULL, "created_at" datetime(6) NOT NULL, "updated_at" datetime(6) NOT NULL, CONSTRAINT "fk_rails_dd6c0df427"
FOREIGN KEY ("user_id")
  REFERENCES "users" ("id")
, CONSTRAINT "fk_rails_ad61b22239"
FOREIGN KEY ("prize_id")
  REFERENCES "prizes" ("id")
)[0m
  [1m[35m (0.1ms)[0m  [1m[35mCREATE INDEX "index_winners_on_user_id" ON "winners" ("user_id")[0m
  [1m[35m (0.1ms)[0m  [1m[35mCREATE INDEX "index_winners_on_prize_id" ON "winners" ("prize_id")[0m
  [1m[36mActiveRecord::SchemaMigration Create (0.1ms)[0m  [1m[32mINSERT INTO "schema_migrations" ("version") VALUES (?)[0m  [["version", "20230401163808"]]
  [1m[36mTRANSACTION (186.0ms)[0m  [1m[36mcommit transaction[0m
Migrating to CreateSubscriptions (20230401163842)
  [1m[36mTRANSACTION (0.1ms)[0m  [1m[36mbegin transaction[0m
  [1m[35m (0.3ms)[0m  [1m[35mCREATE TABLE "subscriptions" ("id" integer PRIMARY KEY AUTOINCREMENT NOT NULL, "event_id" integer NOT NULL, "user_id" integer NOT NULL, "created_at" datetime(6) NOT NULL, "updated_at" datetime(6) NOT NULL, CONSTRAINT "fk_rails_2aa34dc5bc"
FOREIGN KEY ("event_id")
  REFERENCES "events" ("id")
, CONSTRAINT "fk_rails_933bdff476"
FOREIGN KEY ("user_id")
  REFERENCES "users" ("id")
)[0m
  [1m[35m (0.1ms)[0m  [1m[35mCREATE INDEX "index_subscriptions_on_event_id" ON "subscriptions" ("event_id")[0m
  [1m[35m (0.1ms)[0m  [1m[35mCREATE INDEX "index_subscriptions_on_user_id" ON "subscriptions" ("user_id")[0m
  [1m[36mActiveRecord::SchemaMigration Create (0.1ms)[0m  [1m[32mINSERT INTO "schema_migrations" ("version") VALUES (?)[0m  [["version", "20230401163842"]]
  [1m[36mTRANSACTION (101.6ms)[0m  [1m[36mcommit transaction[0m
  [1m[36mActiveRecord::InternalMetadata Load (0.2ms)[0m  [1m[34mSELECT "ar_internal_metadata".* FROM "ar_internal_metadata" WHERE "ar_internal_metadata"."key" = ? LIMIT ?[0m  [["key", "environment"], ["LIMIT", 1]]
  [1m[36mTRANSACTION (0.1ms)[0m  [1m[36mbegin transaction[0m
  [1m[36mActiveRecord::InternalMetadata Create (0.2ms)[0m  [1m[32mINSERT INTO "ar_internal_metadata" ("key", "value", "created_at", "updated_at") VALUES (?, ?, ?, ?)[0m  [["key", "environment"], ["value", "development"], ["created_at", "2023-04-01 16:40:14.004545"], ["updated_at", "2023-04-01 16:40:14.004545"]]
  [1m[36mTRANSACTION (156.7ms)[0m  [1m[36mcommit transaction[0m
  [1m[36mActiveRecord::SchemaMigration Pluck (0.1ms)[0m  [1m[34mSELECT "schema_migrations"."version" FROM "schema_migrations" ORDER BY "schema_migrations"."version" ASC[0m
  [1m[36mActiveRecord::SchemaMigration Pluck (0.2ms)[0m  [1m[34mSELECT "schema_migrations"."version" FROM "schema_migrations" ORDER BY "schema_migrations"."version" ASC[0m
  [1m[36mActiveRecord::SchemaMigration Pluck (0.1ms)[0m  [1m[34mSELECT "schema_migrations"."version" FROM "schema_migrations" ORDER BY "schema_migrations"."version" ASC[0m
  [1m[36mActiveRecord::SchemaMigration Pluck (0.2ms)[0m  [1m[34mSELECT "schema_migrations"."version" FROM "schema_migrations" ORDER BY "schema_migrations"."version" ASC[0m
  [1m[36mTRANSACTION (0.1ms)[0m  [1m[36mbegin transaction[0m
  [1m[36mUser Create (0.3ms)[0m  [1m[32mINSERT INTO "users" ("name", "email", "created_at", "updated_at") VALUES (?, ?, ?, ?)[0m  [["name", "John Doe"], ["email", "john@example.com"], ["created_at", "2023-04-01 17:07:10.625367"], ["updated_at", "2023-04-01 17:07:10.625367"]]
  [1m[36mTRANSACTION (100.2ms)[0m  [1m[36mcommit transaction[0m
  [1m[36mTRANSACTION (0.1ms)[0m  [1m[36mbegin transaction[0m
  [1m[36mUser Create (0.4ms)[0m  [1m[32mINSERT INTO "users" ("name", "email", "created_at", "updated_at") VALUES (?, ?, ?, ?)[0m  [["name", "Jane Doe"], ["email", "jane@example.com"], ["created_at", "2023-04-01 17:07:10.731364"], ["updated_at", "2023-04-01 17:07:10.731364"]]
  [1m[36mTRANSACTION (68.6ms)[0m  [1m[36mcommit transaction[0m
  [1m[36mTRANSACTION (0.1ms)[0m  [1m[36mbegin transaction[0m
  [1m[36mUser Create (0.4ms)[0m  [1m[32mINSERT INTO "users" ("name", "email", "created_at", "updated_at") VALUES (?, ?, ?, ?)[0m  [["name", "Bob Smith"], ["email", "bob@example.com"], ["created_at", "2023-04-01 17:07:10.806155"], ["updated_at", "2023-04-01 17:07:10.806155"]]
  [1m[36mTRANSACTION (69.0ms)[0m  [1m[36mcommit transaction[0m
  [1m[36mTRANSACTION (0.1ms)[0m  [1m[36mbegin transaction[0m
  [1m[36mEvent Create (0.4ms)[0m  [1m[32mINSERT INTO "events" ("name", "date", "created_at", "updated_at") VALUES (?, ?, ?, ?)[0m  [["name", "Tech Conference"], ["date", "2023-10-15 09:00:00"], ["created_at", "2023-04-01 17:07:10.903676"], ["updated_at", "2023-04-01 17:07:10.903676"]]
  [1m[36mTRANSACTION (101.7ms)[0m  [1m[36mcommit transaction[0m
  [1m[36mTRANSACTION (0.1ms)[0m  [1m[36mbegin transaction[0m
  [1m[36mEvent Create (0.4ms)[0m  [1m[32mINSERT INTO "events" ("name", "date", "created_at", "updated_at") VALUES (?, ?, ?, ?)[0m  [["name", "Startup Pitch Competition"], ["date", "2023-11-05 10:00:00"], ["created_at", "2023-04-01 17:07:11.062571"], ["updated_at", "2023-04-01 17:07:11.062571"]]
  [1m[36mTRANSACTION (56.1ms)[0m  [1m[36mcommit transaction[0m
  [1m[36mTRANSACTION (0.1ms)[0m  [1m[36mbegin transaction[0m
  [1m[36mEvent Create (0.4ms)[0m  [1m[32mINSERT INTO "events" ("name", "date", "created_at", "updated_at") VALUES (?, ?, ?, ?)[0m  [["name", "Hackathon"], ["date", "2023-12-01 18:00:00"], ["created_at", "2023-04-01 17:07:11.173016"], ["updated_at", "2023-04-01 17:07:11.173016"]]
  [1m[36mTRANSACTION (68.4ms)[0m  [1m[36mcommit transaction[0m
  [1m[36mTRANSACTION (0.1ms)[0m  [1m[36mbegin transaction[0m
  [1m[36mEvent Load (0.3ms)[0m  [1m[34mSELECT "events".* FROM "events" WHERE "events"."id" = ? LIMIT ?[0m  [["id", 1], ["LIMIT", 1]]
  [1m[36mPrize Create (0.4ms)[0m  [1m[32mINSERT INTO "prizes" ("name", "event_id", "created_at", "updated_at") VALUES (?, ?, ?, ?)[0m  [["name", "First Place"], ["event_id", 1], ["created_at", "2023-04-01 17:07:11.393287"], ["updated_at", "2023-04-01 17:07:11.393287"]]
  [1m[36mTRANSACTION (100.1ms)[0m  [1m[36mcommit transaction[0m
  [1m[36mTRANSACTION (0.1ms)[0m  [1m[36mbegin transaction[0m
  [1m[36mEvent Load (0.1ms)[0m  [1m[34mSELECT "events".* FROM "events" WHERE "events"."id" = ? LIMIT ?[0m  [["id", 1], ["LIMIT", 1]]
  [1m[36mPrize Create (0.4ms)[0m  [1m[32mINSERT INTO "prizes" ("name", "event_id", "created_at", "updated_at") VALUES (?, ?, ?, ?)[0m  [["name", "Second Place"], ["event_id", 1], ["created_at", "2023-04-01 17:07:11.502710"], ["updated_at", "2023-04-01 17:07:11.502710"]]
  [1m[36mTRANSACTION (74.2ms)[0m  [1m[36mcommit transaction[0m
  [1m[36mTRANSACTION (0.1ms)[0m  [1m[36mbegin transaction[0m
  [1m[36mEvent Load (0.1ms)[0m  [1m[34mSELECT "events".* FROM "events" WHERE "events"."id" = ? LIMIT ?[0m  [["id", 1], ["LIMIT", 1]]
  [1m[36mPrize Create (0.4ms)[0m  [1m[32mINSERT INTO "prizes" ("name", "event_id", "created_at", "updated_at") VALUES (?, ?, ?, ?)[0m  [["name", "Third Place"], ["event_id", 1], ["created_at", "2023-04-01 17:07:11.585812"], ["updated_at", "2023-04-01 17:07:11.585812"]]
  [1m[36mTRANSACTION (74.5ms)[0m  [1m[36mcommit transaction[0m
  [1m[36mTRANSACTION (0.1ms)[0m  [1m[36mbegin transaction[0m
  [1m[36mEvent Load (0.1ms)[0m  [1m[34mSELECT "events".* FROM "events" WHERE "events"."id" = ? LIMIT ?[0m  [["id", 2], ["LIMIT", 1]]
  [1m[36mPrize Create (0.4ms)[0m  [1m[32mINSERT INTO "prizes" ("name", "event_id", "created_at", "updated_at") VALUES (?, ?, ?, ?)[0m  [["name", "Grand Prize"], ["event_id", 2], ["created_at", "2023-04-01 17:07:11.669214"], ["updated_at", "2023-04-01 17:07:11.669214"]]
  [1m[36mTRANSACTION (66.0ms)[0m  [1m[36mcommit transaction[0m
  [1m[36mTRANSACTION (0.1ms)[0m  [1m[36mbegin transaction[0m
  [1m[36mEvent Load (0.1ms)[0m  [1m[34mSELECT "events".* FROM "events" WHERE "events"."id" = ? LIMIT ?[0m  [["id", 2], ["LIMIT", 1]]
  [1m[36mPrize Create (0.4ms)[0m  [1m[32mINSERT INTO "prizes" ("name", "event_id", "created_at", "updated_at") VALUES (?, ?, ?, ?)[0m  [["name", "Runner-up"], ["event_id", 2], ["created_at", "2023-04-01 17:07:11.744133"], ["updated_at", "2023-04-01 17:07:11.744133"]]
  [1m[36mTRANSACTION (66.2ms)[0m  [1m[36mcommit transaction[0m
  [1m[36mTRANSACTION (0.1ms)[0m  [1m[36mbegin transaction[0m
  [1m[36mEvent Load (0.1ms)[0m  [1m[34mSELECT "events".* FROM "events" WHERE "events"."id" = ? LIMIT ?[0m  [["id", 2], ["LIMIT", 1]]
  [1m[36mPrize Create (0.4ms)[0m  [1m[32mINSERT INTO "prizes" ("name", "event_id", "created_at", "updated_at") VALUES (?, ?, ?, ?)[0m  [["name", "Honorable Mention"], ["event_id", 2], ["created_at", "2023-04-01 17:07:11.819208"], ["updated_at", "2023-04-01 17:07:11.819208"]]
  [1m[36mTRANSACTION (91.1ms)[0m  [1m[36mcommit transaction[0m
  [1m[36mTRANSACTION (0.1ms)[0m  [1m[36mbegin transaction[0m
  [1m[36mEvent Load (0.1ms)[0m  [1m[34mSELECT "events".* FROM "events" WHERE "events"."id" = ? LIMIT ?[0m  [["id", 3], ["LIMIT", 1]]
  [1m[36mPrize Create (0.2ms)[0m  [1m[32mINSERT INTO "prizes" ("name", "event_id", "created_at", "updated_at") VALUES (?, ?, ?, ?)[0m  [["name", "Best Design"], ["event_id", 3], ["created_at", "2023-04-01 17:07:11.916452"], ["updated_at", "2023-04-01 17:07:11.916452"]]
  [1m[36mTRANSACTION (86.7ms)[0m  [1m[36mcommit transaction[0m
  [1m[36mTRANSACTION (0.1ms)[0m  [1m[36mbegin transaction[0m
  [1m[36mEvent Load (0.1ms)[0m  [1m[34mSELECT "events".* FROM "events" WHERE "events"."id" = ? LIMIT ?[0m  [["id", 3], ["LIMIT", 1]]
  [1m[36mPrize Create (0.4ms)[0m  [1m[32mINSERT INTO "prizes" ("name", "event_id", "created_at", "updated_at") VALUES (?, ?, ?, ?)[0m  [["name", "Best Innovation"], ["event_id", 3], ["created_at", "2023-04-01 17:07:12.010693"], ["updated_at", "2023-04-01 17:07:12.010693"]]
  [1m[36mTRANSACTION (91.2ms)[0m  [1m[36mcommit transaction[0m
  [1m[36mTRANSACTION (0.1ms)[0m  [1m[36mbegin transaction[0m
  [1m[36mEvent Load (0.1ms)[0m  [1m[34mSELECT "events".* FROM "events" WHERE "events"."id" = ? LIMIT ?[0m  [["id", 1], ["LIMIT", 1]]
  [1m[36mUser Load (0.2ms)[0m  [1m[34mSELECT "users".* FROM "users" WHERE "users"."id" = ? LIMIT ?[0m  [["id", 1], ["LIMIT", 1]]
  [1m[36mSubscription Create (0.4ms)[0m  [1m[32mINSERT INTO "subscriptions" ("event_id", "user_id", "created_at", "updated_at") VALUES (?, ?, ?, ?)[0m  [["event_id", 1], ["user_id", 1], ["created_at", "2023-04-01 17:07:12.136108"], ["updated_at", "2023-04-01 17:07:12.136108"]]
  [1m[36mTRANSACTION (69.1ms)[0m  [1m[36mcommit transaction[0m
  [1m[36mTRANSACTION (0.1ms)[0m  [1m[36mbegin transaction[0m
  [1m[36mEvent Load (0.1ms)[0m  [1m[34mSELECT "events".* FROM "events" WHERE "events"."id" = ? LIMIT ?[0m  [["id", 1], ["LIMIT", 1]]
  [1m[36mUser Load (0.1ms)[0m  [1m[34mSELECT "users".* FROM "users" WHERE "users"."id" = ? LIMIT ?[0m  [["id", 2], ["LIMIT", 1]]
  [1m[36mSubscription Create (0.4ms)[0m  [1m[32mINSERT INTO "subscriptions" ("event_id", "user_id", "created_at", "updated_at") VALUES (?, ?, ?, ?)[0m  [["event_id", 1], ["user_id", 2], ["created_at", "2023-04-01 17:07:12.216407"], ["updated_at", "2023-04-01 17:07:12.216407"]]
  [1m[36mTRANSACTION (63.9ms)[0m  [1m[36mcommit transaction[0m
  [1m[36mTRANSACTION (0.1ms)[0m  [1m[36mbegin transaction[0m
  [1m[36mEvent Load (0.1ms)[0m  [1m[34mSELECT "events".* FROM "events" WHERE "events"."id" = ? LIMIT ?[0m  [["id", 1], ["LIMIT", 1]]
  [1m[36mUser Load (0.1ms)[0m  [1m[34mSELECT "users".* FROM "users" WHERE "users"."id" = ? LIMIT ?[0m  [["id", 3], ["LIMIT", 1]]
  [1m[36mSubscription Create (0.4ms)[0m  [1m[32mINSERT INTO "subscriptions" ("event_id", "user_id", "created_at", "updated_at") VALUES (?, ?, ?, ?)[0m  [["event_id", 1], ["user_id", 3], ["created_at", "2023-04-01 17:07:12.291089"], ["updated_at", "2023-04-01 17:07:12.291089"]]
  [1m[36mTRANSACTION (64.3ms)[0m  [1m[36mcommit transaction[0m
  [1m[36mTRANSACTION (0.1ms)[0m  [1m[36mbegin transaction[0m
  [1m[36mEvent Load (0.1ms)[0m  [1m[34mSELECT "events".* FROM "events" WHERE "events"."id" = ? LIMIT ?[0m  [["id", 2], ["LIMIT", 1]]
  [1m[36mUser Load (0.1ms)[0m  [1m[34mSELECT "users".* FROM "users" WHERE "users"."id" = ? LIMIT ?[0m  [["id", 1], ["LIMIT", 1]]
  [1m[36mSubscription Create (0.4ms)[0m  [1m[32mINSERT INTO "subscriptions" ("event_id", "user_id", "created_at", "updated_at") VALUES (?, ?, ?, ?)[0m  [["event_id", 2], ["user_id", 1], ["created_at", "2023-04-01 17:07:12.366106"], ["updated_at", "2023-04-01 17:07:12.366106"]]
  [1m[36mTRANSACTION (64.2ms)[0m  [1m[36mcommit transaction[0m
  [1m[36mTRANSACTION (0.1ms)[0m  [1m[36mbegin transaction[0m
  [1m[36mEvent Load (0.2ms)[0m  [1m[34mSELECT "events".* FROM "events" WHERE "events"."id" = ? LIMIT ?[0m  [["id", 2], ["LIMIT", 1]]
  [1m[36mUser Load (0.1ms)[0m  [1m[34mSELECT "users".* FROM "users" WHERE "users"."id" = ? LIMIT ?[0m  [["id", 2], ["LIMIT", 1]]
  [1m[36mSubscription Create (0.4ms)[0m  [1m[32mINSERT INTO "subscriptions" ("event_id", "user_id", "created_at", "updated_at") VALUES (?, ?, ?, ?)[0m  [["event_id", 2], ["user_id", 2], ["created_at", "2023-04-01 17:07:12.442433"], ["updated_at", "2023-04-01 17:07:12.442433"]]
  [1m[36mTRANSACTION (71.1ms)[0m  [1m[36mcommit transaction[0m
  [1m[36mTRANSACTION (0.1ms)[0m  [1m[36mbegin transaction[0m
  [1m[36mEvent Load (0.1ms)[0m  [1m[34mSELECT "events".* FROM "events" WHERE "events"."id" = ? LIMIT ?[0m  [["id", 3], ["LIMIT", 1]]
  [1m[36mUser Load (0.1ms)[0m  [1m[34mSELECT "users".* FROM "users" WHERE "users"."id" = ? LIMIT ?[0m  [["id", 1], ["LIMIT", 1]]
  [1m[36mSubscription Create (0.4ms)[0m  [1m[32mINSERT INTO "subscriptions" ("event_id", "user_id", "created_at", "updated_at") VALUES (?, ?, ?, ?)[0m  [["event_id", 3], ["user_id", 1], ["created_at", "2023-04-01 17:07:12.524936"], ["updated_at", "2023-04-01 17:07:12.524936"]]
  [1m[36mTRANSACTION (72.0ms)[0m  [1m[36mcommit transaction[0m
  [1m[36mTRANSACTION (0.1ms)[0m  [1m[36mbegin transaction[0m
  [1m[36mEvent Load (0.1ms)[0m  [1m[34mSELECT "events".* FROM "events" WHERE "events"."id" = ? LIMIT ?[0m  [["id", 3], ["LIMIT", 1]]
  [1m[36mUser Load (0.1ms)[0m  [1m[34mSELECT "users".* FROM "users" WHERE "users"."id" = ? LIMIT ?[0m  [["id", 3], ["LIMIT", 1]]
  [1m[36mSubscription Create (0.3ms)[0m  [1m[32mINSERT INTO "subscriptions" ("event_id", "user_id", "created_at", "updated_at") VALUES (?, ?, ?, ?)[0m  [["event_id", 3], ["user_id", 3], ["created_at", "2023-04-01 17:07:12.606223"], ["updated_at", "2023-04-01 17:07:12.606223"]]
  [1m[36mTRANSACTION (66.3ms)[0m  [1m[36mcommit transaction[0m
  [1m[36mTRANSACTION (0.1ms)[0m  [1m[36mbegin transaction[0m
  [1m[36mUser Load (0.1ms)[0m  [1m[34mSELECT "users".* FROM "users" WHERE "users"."id" = ? LIMIT ?[0m  [["id", 1], ["LIMIT", 1]]
  [1m[36mPrize Load (0.2ms)[0m  [1m[34mSELECT "prizes".* FROM "prizes" WHERE "prizes"."id" = ? LIMIT ?[0m  [["id", 1], ["LIMIT", 1]]
  [1m[36mWinner Create (0.4ms)[0m  [1m[32mINSERT INTO "winners" ("user_id", "prize_id", "created_at", "updated_at") VALUES (?, ?, ?, ?)[0m  [["user_id", 1], ["prize_id", 1], ["created_at", "2023-04-01 17:07:12.714103"], ["updated_at", "2023-04-01 17:07:12.714103"]]
  [1m[36mTRANSACTION (99.2ms)[0m  [1m[36mcommit transaction[0m
  [1m[36mTRANSACTION (0.1ms)[0m  [1m[36mbegin transaction[0m
  [1m[36mUser Load (0.1ms)[0m  [1m[34mSELECT "users".* FROM "users" WHERE "users"."id" = ? LIMIT ?[0m  [["id", 2], ["LIMIT", 1]]
  [1m[36mPrize Load (0.1ms)[0m  [1m[34mSELECT "prizes".* FROM "prizes" WHERE "prizes"."id" = ? LIMIT ?[0m  [["id", 2], ["LIMIT", 1]]
  [1m[36mWinner Create (0.4ms)[0m  [1m[32mINSERT INTO "winners" ("user_id", "prize_id", "created_at", "updated_at") VALUES (?, ?, ?, ?)[0m  [["user_id", 2], ["prize_id", 2], ["created_at", "2023-04-01 17:07:12.824550"], ["updated_at", "2023-04-01 17:07:12.824550"]]
  [1m[36mTRANSACTION (89.0ms)[0m  [1m[36mcommit transaction[0m
  [1m[36mTRANSACTION (0.1ms)[0m  [1m[36mbegin transaction[0m
  [1m[36mUser Load (0.1ms)[0m  [1m[34mSELECT "users".* FROM "users" WHERE "users"."id" = ? LIMIT ?[0m  [["id", 3], ["LIMIT", 1]]
  [1m[36mPrize Load (0.1ms)[0m  [1m[34mSELECT "prizes".* FROM "prizes" WHERE "prizes"."id" = ? LIMIT ?[0m  [["id", 3], ["LIMIT", 1]]
  [1m[36mWinner Create (0.4ms)[0m  [1m[32mINSERT INTO "winners" ("user_id", "prize_id", "created_at", "updated_at") VALUES (?, ?, ?, ?)[0m  [["user_id", 3], ["prize_id", 3], ["created_at", "2023-04-01 17:07:12.924817"], ["updated_at", "2023-04-01 17:07:12.924817"]]
  [1m[36mTRANSACTION (88.6ms)[0m  [1m[36mcommit transaction[0m
  [1m[36mTRANSACTION (0.1ms)[0m  [1m[36mbegin transaction[0m
  [1m[36mUser Load (0.2ms)[0m  [1m[34mSELECT "users".* FROM "users" WHERE "users"."id" = ? LIMIT ?[0m  [["id", 1], ["LIMIT", 1]]
  [1m[36mPrize Load (0.1ms)[0m  [1m[34mSELECT "prizes".* FROM "prizes" WHERE "prizes"."id" = ? LIMIT ?[0m  [["id", 4], ["LIMIT", 1]]
  [1m[36mWinner Create (0.4ms)[0m  [1m[32mINSERT INTO "winners" ("user_id", "prize_id", "created_at", "updated_at") VALUES (?, ?, ?, ?)[0m  [["user_id", 1], ["prize_id", 4], ["created_at", "2023-04-01 17:07:13.024587"], ["updated_at", "2023-04-01 17:07:13.024587"]]
  [1m[36mTRANSACTION (72.3ms)[0m  [1m[36mcommit transaction[0m
  [1m[36mTRANSACTION (0.1ms)[0m  [1m[36mbegin transaction[0m
  [1m[36mUser Load (0.1ms)[0m  [1m[34mSELECT "users".* FROM "users" WHERE "users"."id" = ? LIMIT ?[0m  [["id", 2], ["LIMIT", 1]]
  [1m[36mPrize Load (0.1ms)[0m  [1m[34mSELECT "prizes".* FROM "prizes" WHERE "prizes"."id" = ? LIMIT ?[0m  [["id", 5], ["LIMIT", 1]]
  [1m[36mWinner Create (0.4ms)[0m  [1m[32mINSERT INTO "winners" ("user_id", "prize_id", "created_at", "updated_at") VALUES (?, ?, ?, ?)[0m  [["user_id", 2], ["prize_id", 5], ["created_at", "2023-04-01 17:07:13.107863"], ["updated_at", "2023-04-01 17:07:13.107863"]]
  [1m[36mTRANSACTION (72.3ms)[0m  [1m[36mcommit transaction[0m
  [1m[36mTRANSACTION (0.1ms)[0m  [1m[36mbegin transaction[0m
  [1m[36mUser Load (0.1ms)[0m  [1m[34mSELECT "users".* FROM "users" WHERE "users"."id" = ? LIMIT ?[0m  [["id", 3], ["LIMIT", 1]]
  [1m[36mPrize Load (0.1ms)[0m  [1m[34mSELECT "prizes".* FROM "prizes" WHERE "prizes"."id" = ? LIMIT ?[0m  [["id", 6], ["LIMIT", 1]]
  [1m[36mWinner Create (0.4ms)[0m  [1m[32mINSERT INTO "winners" ("user_id", "prize_id", "created_at", "updated_at") VALUES (?, ?, ?, ?)[0m  [["user_id", 3], ["prize_id", 6], ["created_at", "2023-04-01 17:07:13.191198"], ["updated_at", "2023-04-01 17:07:13.191198"]]
  [1m[36mTRANSACTION (72.3ms)[0m  [1m[36mcommit transaction[0m
  [1m[36mTRANSACTION (0.1ms)[0m  [1m[36mbegin transaction[0m
  [1m[36mUser Load (0.1ms)[0m  [1m[34mSELECT "users".* FROM "users" WHERE "users"."id" = ? LIMIT ?[0m  [["id", 1], ["LIMIT", 1]]
  [1m[36mPrize Load (0.1ms)[0m  [1m[34mSELECT "prizes".* FROM "prizes" WHERE "prizes"."id" = ? LIMIT ?[0m  [["id", 7], ["LIMIT", 1]]
  [1m[36mWinner Create (0.4ms)[0m  [1m[32mINSERT INTO "winners" ("user_id", "prize_id", "created_at", "updated_at") VALUES (?, ?, ?, ?)[0m  [["user_id", 1], ["prize_id", 7], ["created_at", "2023-04-01 17:07:13.274343"], ["updated_at", "2023-04-01 17:07:13.274343"]]
  [1m[36mTRANSACTION (72.5ms)[0m  [1m[36mcommit transaction[0m
  [1m[36mTRANSACTION (0.1ms)[0m  [1m[36mbegin transaction[0m
  [1m[36mUser Load (0.1ms)[0m  [1m[34mSELECT "users".* FROM "users" WHERE "users"."id" = ? LIMIT ?[0m  [["id", 2], ["LIMIT", 1]]
  [1m[36mPrize Load (0.1ms)[0m  [1m[34mSELECT "prizes".* FROM "prizes" WHERE "prizes"."id" = ? LIMIT ?[0m  [["id", 8], ["LIMIT", 1]]
  [1m[36mWinner Create (0.4ms)[0m  [1m[32mINSERT INTO "winners" ("user_id", "prize_id", "created_at", "updated_at") VALUES (?, ?, ?, ?)[0m  [["user_id", 2], ["prize_id", 8], ["created_at", "2023-04-01 17:07:13.357646"], ["updated_at", "2023-04-01 17:07:13.357646"]]
  [1m[36mTRANSACTION (72.6ms)[0m  [1m[36mcommit transaction[0m
Started GET "/" for 127.0.0.1 at 2023-04-01 14:07:34 -0300
Started GET "/" for 127.0.0.1 at 2023-04-01 14:07:34 -0300
  [1m[36mActiveRecord::SchemaMigration Pluck (0.2ms)[0m  [1m[34mSELECT "schema_migrations"."version" FROM "schema_migrations" ORDER BY "schema_migrations"."version" ASC[0m
Processing by Rails::WelcomeController#index as HTML
Processing by Rails::WelcomeController#index as HTML
  Rendering /var/lib/gems/3.0.0/gems/railties-7.0.4.3/lib/rails/templates/rails/welcome/index.html.erb
  Rendering /var/lib/gems/3.0.0/gems/railties-7.0.4.3/lib/rails/templates/rails/welcome/index.html.erb
  Rendered /var/lib/gems/3.0.0/gems/railties-7.0.4.3/lib/rails/templates/rails/welcome/index.html.erb (Duration: 40.0ms | Allocations: 943)
  Rendered /var/lib/gems/3.0.0/gems/railties-7.0.4.3/lib/rails/templates/rails/welcome/index.html.erb (Duration: 19.2ms | Allocations: 858)
Completed 200 OK in 220ms (Views: 79.7ms | ActiveRecord: 0.0ms | Allocations: 8701)


Completed 200 OK in 191ms (Views: 79.3ms | ActiveRecord: 0.0ms | Allocations: 8445)


Started GET "/users" for 127.0.0.1 at 2023-04-01 14:07:42 -0300
  
ActionController::RoutingError (No route matches [GET] "/users"):
  
Started GET "/user" for 127.0.0.1 at 2023-04-01 14:07:55 -0300
  
ActionController::RoutingError (No route matches [GET] "/user"):
  
Started GET "/users" for 127.0.0.1 at 2023-04-01 14:08:07 -0300
  
ActionController::RoutingError (No route matches [GET] "/users"):
  
